[21/Feb/2021 17:24:43] "GET /RequstAnswer/sub/ HTTP/1.1" 200 5415
[21/Feb/2021 17:24:46] "GET /register/ HTTP/1.1" 200 7438
[21/Feb/2021 17:24:46] "GET /captchaimage/39cbc79b377fb22857ca168cc449bf9131a6996e/ HTTP/1.1" 200 5102
[21/Feb/2021 17:24:58] "POST /register/ HTTP/1.1" 302 0
[21/Feb/2021 17:24:58] "GET /login/ HTTP/1.1" 200 6907
[21/Feb/2021 17:24:58] "GET /captchaimage/96352e771dbb5d74cd04efb61661ebefa157ead8/ HTTP/1.1" 200 4354
[21/Feb/2021 17:25:03] "GET /register/ HTTP/1.1" 200 7438
[21/Feb/2021 17:25:03] "GET /captchaimage/2b27f6f4b4e8bb9634f464a7c6907c0762b6a5cc/ HTTP/1.1" 200 4686
[21/Feb/2021 17:25:20] "POST /register/ HTTP/1.1" 302 0
[21/Feb/2021 17:25:20] "GET /login/ HTTP/1.1" 200 6907
[21/Feb/2021 17:25:21] "GET /captchaimage/3dd72f3994b4a2061a56313639ddf07d84726629/ HTTP/1.1" 200 4389
[21/Feb/2021 17:25:29] "POST /login/ HTTP/1.1" 302 0
[21/Feb/2021 17:25:29] "GET /index/ HTTP/1.1" 200 6029
[21/Feb/2021 17:25:30] "GET /static/dist/img/homepage.png HTTP/1.1" 304 0
[21/Feb/2021 17:25:33] "GET /RequstAnswer/new/ HTTP/1.1" 200 11168
[21/Feb/2021 17:25:51] "POST /RequstAnswer/new/ HTTP/1.1" 302 0
[21/Feb/2021 17:25:52] "GET /RequstAnswer/index/ HTTP/1.1" 200 8329
[21/Feb/2021 17:25:57] "GET /RequstAnswer/new/ HTTP/1.1" 200 11080
[21/Feb/2021 17:25:58] "GET /RequstAnswer/new/ HTTP/1.1" 200 11080
[21/Feb/2021 17:26:01] "GET /RequstAnswer/index/ HTTP/1.1" 200 8329
[21/Feb/2021 17:26:02] "GET /RequstAnswer/sub/ HTTP/1.1" 200 8162
[21/Feb/2021 17:26:06] "GET /logout/ HTTP/1.1" 302 0
[21/Feb/2021 17:26:06] "GET /index/ HTTP/1.1" 200 5581
[21/Feb/2021 17:26:08] "GET /login/ HTTP/1.1" 200 6907
[21/Feb/2021 17:26:08] "GET /captchaimage/8f0b6e2f1ad82fc68426fd9c0f45a284051d6667/ HTTP/1.1" 200 3883
[21/Feb/2021 17:26:16] "POST /login/ HTTP/1.1" 200 7079
[21/Feb/2021 17:26:16] "GET /captchaimage/298da0d9e09fd580b92eaddf2414f89951aa9748/ HTTP/1.1" 200 4370
[21/Feb/2021 17:26:26] "POST /login/ HTTP/1.1" 302 0
[21/Feb/2021 17:26:26] "GET /index/ HTTP/1.1" 200 6459
[21/Feb/2021 17:26:29] "GET /notice/list/ HTTP/1.1" 200 7093
[21/Feb/2021 17:26:31] "GET /RequstAnswer/sub/1/ HTTP/1.1" 200 8780
[21/Feb/2021 17:26:39] "GET /RequstAnswer/sub/1/check/ HTTP/1.1" 200 8739
[21/Feb/2021 17:26:41] "GET /RequstAnswer/sub/1/ HTTP/1.1" 200 8651
[21/Feb/2021 17:26:45] "GET /notice/list/ HTTP/1.1" 200 7093
[21/Feb/2021 17:26:47] "GET /notice/update/ HTTP/1.1" 200 6232
[21/Feb/2021 17:26:50] "GET /logout/ HTTP/1.1" 302 0
[21/Feb/2021 17:26:50] "GET /index/ HTTP/1.1" 200 5581
[21/Feb/2021 17:26:51] "GET /login/ HTTP/1.1" 200 6907
[21/Feb/2021 17:26:52] "GET /captchaimage/10d0863ff7b3a1ac528d286059991c6a81d0717a/ HTTP/1.1" 200 4241
[21/Feb/2021 17:27:04] "POST /login/ HTTP/1.1" 302 0
[21/Feb/2021 17:27:04] "GET /index/ HTTP/1.1" 200 6445
[21/Feb/2021 17:27:04] "GET /static/dist/img/homepage.png HTTP/1.1" 304 0
[21/Feb/2021 17:27:06] "GET /RequstAnswer/new/ HTTP/1.1" 200 11496
[21/Feb/2021 17:27:09] "GET /notice/list/ HTTP/1.1" 200 7086
[21/Feb/2021 17:27:13] "GET /RequstAnswer/sub/1/ HTTP/1.1" 200 8637
[21/Feb/2021 17:27:16] "GET /RequstAnswer/new/ HTTP/1.1" 200 11496
[21/Feb/2021 17:27:29] "POST /RequstAnswer/new/ HTTP/1.1" 302 0
[21/Feb/2021 17:27:29] "GET /RequstAnswer/index/ HTTP/1.1" 200 8906
[21/Feb/2021 17:27:35] "GET /notice/list/ HTTP/1.1" 200 7086
[21/Feb/2021 17:27:36] "GET /notice/update/ HTTP/1.1" 200 6218
[21/Feb/2021 17:27:50] "GET / HTTP/1.1" 200 6029
[21/Feb/2021 17:42:49] "GET / HTTP/1.1" 200 6029
[21/Feb/2021 17:42:50] "GET /static/dist/img/homepage.png HTTP/1.1" 304 0
[21/Feb/2021 19:01:07] "GET / HTTP/1.1" 200 5581
[21/Feb/2021 19:01:07] "GET /static/plugins/datetimepicker/datetimepicker.css HTTP/1.1" 200 11901
[21/Feb/2021 19:01:07] "GET /static/plugins/fontawesome-free/css/all.min.css HTTP/1.1" 200 58578
[21/Feb/2021 19:01:07] "GET /static/plugins/datetimepicker/bootstrap-datetimepicker.min.js HTTP/1.1" 200 29242
[21/Feb/2021 19:01:07] "GET /static/plugins/jquery/jquery.min.js HTTP/1.1" 200 88145
[21/Feb/2021 19:01:07] "GET /static/plugins/bootstrap/js/bootstrap.bundle.min.js HTTP/1.1" 200 80698
[21/Feb/2021 19:01:07] "GET /static/dist/js/adminlte.min.js HTTP/1.1" 200 25193
[21/Feb/2021 19:01:08] "GET /static/dist/img/AdminLTELogo.png HTTP/1.1" 200 10380
[21/Feb/2021 19:01:08] "GET /static/dist/img/user2-160x160.jpg HTTP/1.1" 200 7070
[21/Feb/2021 19:01:08] "GET /static/dist/css/adminlte.min.css HTTP/1.1" 200 689320
[21/Feb/2021 19:01:08] "GET /static/dist/img/homepage.png HTTP/1.1" 200 215758
[21/Feb/2021 19:01:14] "GET /static/plugins/fontawesome-free/webfonts/fa-solid-900.woff2 HTTP/1.1" 200 79444
Not Found: /favicon.ico
[21/Feb/2021 19:01:15] "GET /favicon.ico HTTP/1.1" 404 3439
[21/Feb/2021 19:01:48] "GET /RequstAnswer/index/ HTTP/1.1" 200 5415
[21/Feb/2021 19:01:51] "GET /login/ HTTP/1.1" 200 6907
[21/Feb/2021 19:01:51] "GET /static/dist/css/login.css HTTP/1.1" 200 634
[21/Feb/2021 19:01:51] "GET /captchaimage/402e801f5d9c3d123ada8b7aef1696ea8110e56f/ HTTP/1.1" 200 4156
[21/Feb/2021 19:02:14] "POST /login/ HTTP/1.1" 200 7072
[21/Feb/2021 19:02:14] "GET /captchaimage/7b4204d5a703e4d0ded25612ff96eb2c6f4cd4d3/ HTTP/1.1" 200 3835
[21/Feb/2021 19:02:31] "POST /login/ HTTP/1.1" 302 0
[21/Feb/2021 19:02:32] "GET /index/ HTTP/1.1" 200 6029
[21/Feb/2021 19:02:40] "GET /RequstAnswer/sub/ HTTP/1.1" 200 8162
[21/Feb/2021 19:02:40] "GET /static/plugins/DataTables/DataTables-1.10.21/css/jquery.dataTables.min.css HTTP/1.1" 200 13892
[21/Feb/2021 19:02:40] "GET /static/plugins/DataTables/Buttons-1.6.2/css/buttons.dataTables.min.css HTTP/1.1" 200 9773
[21/Feb/2021 19:02:40] "GET /static/plugins/DataTables/Buttons-1.6.2/js/dataTables.buttons.min.js HTTP/1.1" 200 19816
[21/Feb/2021 19:02:40] "GET /static/plugins/DataTables/Buttons-1.6.2/js/buttons.flash.min.js HTTP/1.1" 200 26231
[21/Feb/2021 19:02:40] "GET /static/plugins/DataTables/DataTables-1.10.21/js/jquery.dataTables.min.js HTTP/1.1" 200 84647
[21/Feb/2021 19:02:40] "GET /static/plugins/DataTables/JSZip-2.5.0/jszip.min.js HTTP/1.1" 200 76985
[21/Feb/2021 19:02:40] "GET /static/plugins/DataTables/Buttons-1.6.2/js/buttons.print.min.js HTTP/1.1" 200 2302
[21/Feb/2021 19:02:40] "GET /static/plugins/DataTables/Buttons-1.6.2/js/buttons.html5.min.js HTTP/1.1" 200 25035
[21/Feb/2021 19:02:40] "GET /static/plugins/DataTables/pdfmake-0.1.36/pdfmake.min.js HTTP/1.1" 200 970387
[21/Feb/2021 19:02:41] "GET /static/plugins/DataTables/pdfmake-0.1.36/vfs_fonts.js HTTP/1.1" 200 870284
[21/Feb/2021 19:02:42] "GET /RequstAnswer/index/ HTTP/1.1" 200 8490
[21/Feb/2021 19:02:43] "GET /static/plugins/DataTables/DataTables-1.10.21/images/sort_both.png HTTP/1.1" 200 201
[21/Feb/2021 19:02:43] "GET /static/plugins/DataTables/DataTables-1.10.21/images/sort_asc.png HTTP/1.1" 200 160
[21/Feb/2021 19:02:49] "GET /RequstAnswer/new/ HTTP/1.1" 200 10992
[21/Feb/2021 19:02:49] "GET /static/plugins/kindeditor/kindeditor-all.js HTTP/1.1" 200 304805
[21/Feb/2021 19:02:49] "GET /static/plugins/kindeditor/themes/default/default.css HTTP/1.1" 200 20773
[21/Feb/2021 19:02:49] "GET /static/plugins/kindeditor/themes/default/default.png HTTP/1.1" 200 8299
[21/Feb/2021 19:04:39] "GET /RequstAnswer/index/ HTTP/1.1" 200 8490
[21/Feb/2021 19:04:44] "GET /RequstAnswer/1/ HTTP/1.1" 200 8328
[21/Feb/2021 19:04:56] "GET /RequstAnswer/index/ HTTP/1.1" 200 8490
[21/Feb/2021 19:04:58] "GET /RequstAnswer/2/ HTTP/1.1" 200 8328
[21/Feb/2021 19:05:02] "GET /RequstAnswer/sub/ HTTP/1.1" 200 8162
[21/Feb/2021 19:05:05] "GET /RequstAnswer/index/ HTTP/1.1" 200 8490
[21/Feb/2021 19:05:07] "GET /RequstAnswer/new/ HTTP/1.1" 200 10992
[21/Feb/2021 19:05:08] "GET /RequstAnswer/sub/ HTTP/1.1" 200 8162
[21/Feb/2021 19:05:13] "GET /RequstAnswer/index/ HTTP/1.1" 200 8490
[21/Feb/2021 19:05:20] "GET /RequstAnswer/2/ HTTP/1.1" 200 8328
[21/Feb/2021 19:05:25] "GET /logout/ HTTP/1.1" 302 0
[21/Feb/2021 19:05:25] "GET /index/ HTTP/1.1" 200 5581
[21/Feb/2021 19:05:27] "GET /login/ HTTP/1.1" 200 6907
[21/Feb/2021 19:05:27] "GET /captchaimage/342ac06937b9ab0f3d4efc7c36f0d85d8d7a79a9/ HTTP/1.1" 200 3608
[21/Feb/2021 19:05:50] "POST /login/ HTTP/1.1" 200 7079
[21/Feb/2021 19:05:50] "GET /captchaimage/d96862b05e3c52e95f33de6a376770197e43405f/ HTTP/1.1" 200 5192
[21/Feb/2021 19:05:59] "POST /login/ HTTP/1.1" 302 0
[21/Feb/2021 19:05:59] "GET /index/ HTTP/1.1" 200 6459
[21/Feb/2021 19:06:01] "GET /RequstAnswer/new/ HTTP/1.1" 200 11422
[21/Feb/2021 19:06:04] "GET /RequstAnswer/index/ HTTP/1.1" 200 8600
[21/Feb/2021 19:06:09] "GET /RequstAnswer/sub/ HTTP/1.1" 200 8888
[21/Feb/2021 19:06:12] "GET /RequstAnswer/index/ HTTP/1.1" 200 8600
[21/Feb/2021 19:06:14] "GET /RequstAnswer/new/ HTTP/1.1" 200 11422
[21/Feb/2021 19:06:17] "GET /RequstAnswer/index/ HTTP/1.1" 200 8600
[21/Feb/2021 19:06:19] "GET /RequstAnswer/new/ HTTP/1.1" 200 11422
[21/Feb/2021 19:06:21] "GET /RequstAnswer/index/ HTTP/1.1" 200 8600
[21/Feb/2021 19:06:24] "GET /RequstAnswer/new/ HTTP/1.1" 200 11422
[21/Feb/2021 19:06:29] "GET /RequstAnswer/sub/ HTTP/1.1" 200 8888
[21/Feb/2021 19:06:39] "GET /RequstAnswer/sub/1/ HTTP/1.1" 200 8651
[21/Feb/2021 19:06:44] "GET /RequstAnswer/sub/ HTTP/1.1" 200 8888
[21/Feb/2021 19:06:48] "GET /RequstAnswer/sub/ HTTP/1.1" 200 8888
[21/Feb/2021 19:06:51] "GET /RequstAnswer/index/ HTTP/1.1" 200 8600
[21/Feb/2021 19:06:53] "GET /RequstAnswer/sub/ HTTP/1.1" 200 8888
[21/Feb/2021 19:06:53] "GET /RequstAnswer/new/ HTTP/1.1" 200 11422
[21/Feb/2021 19:06:55] "GET /RequstAnswer/sub/ HTTP/1.1" 200 8888
[21/Feb/2021 19:06:58] "GET /RequstAnswer/sub/ HTTP/1.1" 200 8888
[21/Feb/2021 19:07:00] "GET /RequstAnswer/sub/1/ HTTP/1.1" 200 8651
[21/Feb/2021 19:07:04] "GET /RequstAnswer/sub/ HTTP/1.1" 200 8888
[21/Feb/2021 19:07:08] "GET /notice/list/ HTTP/1.1" 200 7093
[21/Feb/2021 19:07:11] "GET /RequstAnswer/sub/2/ HTTP/1.1" 200 8780
[21/Feb/2021 19:07:19] "GET /RequstAnswer/sub/ HTTP/1.1" 200 8888
[21/Feb/2021 19:07:34] "GET /RequstAnswer/new/ HTTP/1.1" 200 11422
[21/Feb/2021 19:08:03] "GET /index/ HTTP/1.1" 200 6459
[21/Feb/2021 19:08:07] "GET /index/ HTTP/1.1" 200 6459
[21/Feb/2021 19:08:12] "GET /RequstAnswer/new/ HTTP/1.1" 200 11422
[21/Feb/2021 19:08:15] "GET /RequstAnswer/index/ HTTP/1.1" 200 8600
[21/Feb/2021 19:08:17] "GET /RequstAnswer/sub/ HTTP/1.1" 200 8888
[21/Feb/2021 19:08:19] "GET /RequstAnswer/index/ HTTP/1.1" 200 8600
[21/Feb/2021 19:08:21] "GET /RequstAnswer/new/ HTTP/1.1" 200 11422
[21/Feb/2021 19:08:24] "GET /RequstAnswer/index/ HTTP/1.1" 200 8600
[21/Feb/2021 19:08:28] "GET /RequstAnswer/new/ HTTP/1.1" 200 11422
[21/Feb/2021 19:08:29] "GET /RequstAnswer/index/ HTTP/1.1" 200 8600
[21/Feb/2021 19:08:30] "GET /RequstAnswer/sub/ HTTP/1.1" 200 8888
[21/Feb/2021 19:08:34] "GET /RequstAnswer/sub/2/ HTTP/1.1" 200 8780
[21/Feb/2021 19:09:31] "GET /index/ HTTP/1.1" 200 6459
[21/Feb/2021 19:09:35] "GET /notice/list/ HTTP/1.1" 200 7093
[21/Feb/2021 19:09:40] "GET /home/ HTTP/1.1" 200 7734
[21/Feb/2021 19:09:46] "GET /RequstAnswer/new/ HTTP/1.1" 200 11422
[21/Feb/2021 19:21:16] "GET /RequstAnswer/index/ HTTP/1.1" 200 8600
[21/Feb/2021 19:21:25] "GET /RequstAnswer/index/ HTTP/1.1" 200 8600
[21/Feb/2021 19:21:25] "GET /RequstAnswer/new/ HTTP/1.1" 200 11422
[22/Feb/2021 09:59:11] "GET /RequstAnswer/index/ HTTP/1.1" 200 5415
[22/Feb/2021 09:59:11] "GET /static/dist/css/adminlte.min.css HTTP/1.1" 304 0
[22/Feb/2021 09:59:11] "GET /static/plugins/datetimepicker/datetimepicker.css HTTP/1.1" 304 0
[22/Feb/2021 09:59:11] "GET /static/plugins/jquery/jquery.min.js HTTP/1.1" 304 0
[22/Feb/2021 09:59:11] "GET /static/plugins/fontawesome-free/css/all.min.css HTTP/1.1" 304 0
[22/Feb/2021 09:59:11] "GET /static/plugins/datetimepicker/bootstrap-datetimepicker.min.js HTTP/1.1" 304 0
[22/Feb/2021 09:59:11] "GET /static/plugins/bootstrap/js/bootstrap.bundle.min.js HTTP/1.1" 304 0
[22/Feb/2021 09:59:11] "GET /static/dist/js/adminlte.min.js HTTP/1.1" 304 0
[22/Feb/2021 09:59:11] "GET /static/dist/img/AdminLTELogo.png HTTP/1.1" 304 0
[22/Feb/2021 09:59:11] "GET /static/dist/img/user2-160x160.jpg HTTP/1.1" 304 0
[22/Feb/2021 09:59:11] "GET /static/plugins/fontawesome-free/webfonts/fa-solid-900.woff2 HTTP/1.1" 304 0
Not Found: /favicon.ico
[22/Feb/2021 09:59:11] "GET /favicon.ico HTTP/1.1" 404 3439
[22/Feb/2021 09:59:14] "GET /login/ HTTP/1.1" 200 6907
[22/Feb/2021 09:59:14] "GET /static/dist/css/login.css HTTP/1.1" 304 0
[22/Feb/2021 09:59:14] "GET /captchaimage/332a64b1d73dd79b4226714ae2b6b76e769aadc7/ HTTP/1.1" 200 4040
[22/Feb/2021 09:59:27] "POST /login/ HTTP/1.1" 302 0
[22/Feb/2021 09:59:27] "GET /index/ HTTP/1.1" 200 6029
[22/Feb/2021 09:59:27] "GET /static/dist/img/homepage.png HTTP/1.1" 200 215758
[22/Feb/2021 09:59:31] "GET /notice/list/ HTTP/1.1" 200 6218
[22/Feb/2021 09:59:37] "GET /RequstAnswer/new/ HTTP/1.1" 200 10992
[22/Feb/2021 09:59:38] "GET /RequstAnswer/new/ HTTP/1.1" 200 10992
[22/Feb/2021 09:59:38] "GET /static/plugins/kindeditor/kindeditor-all.js HTTP/1.1" 200 304805
[22/Feb/2021 09:59:38] "GET /static/plugins/kindeditor/themes/default/default.css HTTP/1.1" 200 20773
[22/Feb/2021 09:59:38] "GET /static/plugins/kindeditor/themes/default/default.png HTTP/1.1" 200 8299
[22/Feb/2021 10:54:33] "GET /RequstAnswer/index/ HTTP/1.1" 200 8490
[22/Feb/2021 10:54:33] "GET /static/plugins/DataTables/DataTables-1.10.21/css/jquery.dataTables.min.css HTTP/1.1" 304 0
[22/Feb/2021 10:54:33] "GET /static/plugins/DataTables/Buttons-1.6.2/css/buttons.dataTables.min.css HTTP/1.1" 304 0
[22/Feb/2021 10:54:33] "GET /static/plugins/DataTables/Buttons-1.6.2/js/dataTables.buttons.min.js HTTP/1.1" 200 19816
[22/Feb/2021 10:54:33] "GET /static/plugins/DataTables/Buttons-1.6.2/js/buttons.print.min.js HTTP/1.1" 200 2302
[22/Feb/2021 10:54:33] "GET /static/plugins/DataTables/DataTables-1.10.21/js/jquery.dataTables.min.js HTTP/1.1" 200 84647
[22/Feb/2021 10:54:33] "GET /static/plugins/DataTables/Buttons-1.6.2/js/buttons.flash.min.js HTTP/1.1" 200 26231
[22/Feb/2021 10:54:33] "GET /static/plugins/DataTables/Buttons-1.6.2/js/buttons.html5.min.js HTTP/1.1" 200 25035
[22/Feb/2021 10:54:33] "GET /static/plugins/DataTables/JSZip-2.5.0/jszip.min.js HTTP/1.1" 200 76985
[22/Feb/2021 10:54:33] "GET /static/plugins/DataTables/pdfmake-0.1.36/vfs_fonts.js HTTP/1.1" 200 870284
[22/Feb/2021 10:54:33] "GET /static/plugins/DataTables/pdfmake-0.1.36/pdfmake.min.js HTTP/1.1" 200 970387
[22/Feb/2021 10:54:34] "GET /static/plugins/DataTables/DataTables-1.10.21/images/sort_both.png HTTP/1.1" 200 201
[22/Feb/2021 10:54:34] "GET /static/plugins/DataTables/DataTables-1.10.21/images/sort_asc.png HTTP/1.1" 200 160
[22/Feb/2021 10:54:38] "GET /RequstAnswer/1/ HTTP/1.1" 200 8328
[22/Feb/2021 10:54:40] "GET /RequstAnswer/index/ HTTP/1.1" 200 8490
[22/Feb/2021 10:54:41] "GET /RequstAnswer/2/ HTTP/1.1" 200 8328
[22/Feb/2021 10:54:43] "GET /RequstAnswer/index/ HTTP/1.1" 200 8490
[22/Feb/2021 10:54:45] "GET /RequstAnswer/sub/ HTTP/1.1" 200 8162
[22/Feb/2021 10:54:47] "GET /RequstAnswer/new/ HTTP/1.1" 200 10992
[22/Feb/2021 10:54:49] "GET /RequstAnswer/sub/ HTTP/1.1" 200 8162
[22/Feb/2021 10:54:50] "GET /RequstAnswer/index/ HTTP/1.1" 200 8490
[22/Feb/2021 14:20:08] "GET / HTTP/1.1" 200 6459
[22/Feb/2021 14:20:08] "GET /static/plugins/datetimepicker/datetimepicker.css HTTP/1.1" 304 0
[22/Feb/2021 14:20:08] "GET /static/dist/css/adminlte.min.css HTTP/1.1" 304 0
[22/Feb/2021 14:20:08] "GET /static/plugins/fontawesome-free/css/all.min.css HTTP/1.1" 304 0
[22/Feb/2021 14:20:08] "GET /static/plugins/datetimepicker/bootstrap-datetimepicker.min.js HTTP/1.1" 304 0
[22/Feb/2021 14:20:08] "GET /static/plugins/jquery/jquery.min.js HTTP/1.1" 304 0
[22/Feb/2021 14:20:08] "GET /static/dist/js/adminlte.min.js HTTP/1.1" 304 0
[22/Feb/2021 14:20:08] "GET /static/plugins/bootstrap/js/bootstrap.bundle.min.js HTTP/1.1" 304 0
[22/Feb/2021 14:20:08] "GET /static/dist/img/AdminLTELogo.png HTTP/1.1" 304 0
[22/Feb/2021 14:20:08] "GET /static/dist/img/homepage.png HTTP/1.1" 304 0
[22/Feb/2021 14:20:08] "GET /static/dist/img/user2-160x160.jpg HTTP/1.1" 304 0
[22/Feb/2021 14:20:08] "GET /static/plugins/fontawesome-free/webfonts/fa-solid-900.woff2 HTTP/1.1" 304 0
[22/Feb/2021 14:20:18] "GET /logout/ HTTP/1.1" 302 0
[22/Feb/2021 14:20:18] "GET /index/ HTTP/1.1" 200 5581
[22/Feb/2021 14:20:22] "GET /login/ HTTP/1.1" 200 6907
[22/Feb/2021 14:20:22] "GET /static/dist/css/login.css HTTP/1.1" 304 0
[22/Feb/2021 14:20:22] "GET /captchaimage/cb7a9116ba102d780c15d3d5a663f42a9bcb161d/ HTTP/1.1" 200 4697
[22/Feb/2021 14:20:36] "POST /login/ HTTP/1.1" 302 0
[22/Feb/2021 14:20:36] "GET /index/ HTTP/1.1" 200 6029
[22/Feb/2021 14:20:40] "GET /RequstAnswer/new/ HTTP/1.1" 200 10992
[22/Feb/2021 14:20:40] "GET /static/plugins/kindeditor/kindeditor-all.js HTTP/1.1" 304 0
[22/Feb/2021 14:20:40] "GET /static/plugins/kindeditor/themes/default/default.css HTTP/1.1" 304 0
[22/Feb/2021 14:20:40] "GET /static/plugins/kindeditor/themes/default/default.png HTTP/1.1" 304 0
[22/Feb/2021 14:20:45] "GET /RequstAnswer/index/ HTTP/1.1" 200 8490
[22/Feb/2021 14:20:45] "GET /static/plugins/DataTables/DataTables-1.10.21/css/jquery.dataTables.min.css HTTP/1.1" 304 0
[22/Feb/2021 14:20:45] "GET /static/plugins/DataTables/DataTables-1.10.21/js/jquery.dataTables.min.js HTTP/1.1" 304 0
[22/Feb/2021 14:20:45] "GET /static/plugins/DataTables/Buttons-1.6.2/css/buttons.dataTables.min.css HTTP/1.1" 304 0
[22/Feb/2021 14:20:45] "GET /static/plugins/DataTables/Buttons-1.6.2/js/buttons.flash.min.js HTTP/1.1" 304 0
[22/Feb/2021 14:20:45] "GET /static/plugins/DataTables/Buttons-1.6.2/js/dataTables.buttons.min.js HTTP/1.1" 304 0
[22/Feb/2021 14:20:45] "GET /static/plugins/DataTables/Buttons-1.6.2/js/buttons.html5.min.js HTTP/1.1" 304 0
[22/Feb/2021 14:20:45] "GET /static/plugins/DataTables/Buttons-1.6.2/js/buttons.print.min.js HTTP/1.1" 304 0
[22/Feb/2021 14:20:45] "GET /static/plugins/DataTables/JSZip-2.5.0/jszip.min.js HTTP/1.1" 304 0
[22/Feb/2021 14:20:45] "GET /static/plugins/DataTables/pdfmake-0.1.36/pdfmake.min.js HTTP/1.1" 304 0
[22/Feb/2021 14:20:45] "GET /static/plugins/DataTables/pdfmake-0.1.36/vfs_fonts.js HTTP/1.1" 304 0
[22/Feb/2021 14:20:45] "GET /static/plugins/DataTables/DataTables-1.10.21/images/sort_both.png HTTP/1.1" 304 0
[22/Feb/2021 14:20:45] "GET /static/plugins/DataTables/DataTables-1.10.21/images/sort_asc.png HTTP/1.1" 304 0
[22/Feb/2021 14:21:15] "GET /RequstAnswer/sub/ HTTP/1.1" 200 8162
[22/Feb/2021 14:23:16] "GET /index/ HTTP/1.1" 200 6029
[22/Feb/2021 14:24:21] "GET /RequstAnswer/new/ HTTP/1.1" 200 10992
[22/Feb/2021 14:25:41] "GET /RequstAnswer/index/ HTTP/1.1" 200 8490
[22/Feb/2021 14:26:00] "GET /RequstAnswer/index/ HTTP/1.1" 200 8490
[22/Feb/2021 14:26:02] "GET /RequstAnswer/new/ HTTP/1.1" 200 10992
[22/Feb/2021 14:26:05] "GET /RequstAnswer/index/ HTTP/1.1" 200 8490
[22/Feb/2021 14:26:07] "GET /RequstAnswer/sub/ HTTP/1.1" 200 8162
[22/Feb/2021 14:26:08] "GET /RequstAnswer/index/ HTTP/1.1" 200 8490
[22/Feb/2021 14:27:51] "GET /logout/ HTTP/1.1" 302 0
[22/Feb/2021 14:27:51] "GET /index/ HTTP/1.1" 200 5581
[22/Feb/2021 14:27:54] "GET /login/ HTTP/1.1" 200 6907
[22/Feb/2021 14:27:54] "GET /captchaimage/bfd50698210a7cc8c0c94fa122fd5e21a1e6977d/ HTTP/1.1" 200 4252
[22/Feb/2021 14:28:05] "POST /login/ HTTP/1.1" 302 0
[22/Feb/2021 14:28:05] "GET /index/ HTTP/1.1" 200 6459
[22/Feb/2021 14:30:04] "GET /RequstAnswer/sub/ HTTP/1.1" 200 8888
[22/Feb/2021 14:30:08] "GET /RequstAnswer/index/ HTTP/1.1" 200 8600
[22/Feb/2021 14:30:11] "GET /RequstAnswer/sub/ HTTP/1.1" 200 8888
[22/Feb/2021 14:30:12] "GET /RequstAnswer/index/ HTTP/1.1" 200 8600
[22/Feb/2021 14:30:16] "GET /RequstAnswer/sub/ HTTP/1.1" 200 8888
[22/Feb/2021 14:30:17] "GET /RequstAnswer/index/ HTTP/1.1" 200 8600
[22/Feb/2021 14:30:19] "GET /RequstAnswer/sub/ HTTP/1.1" 200 8888
[22/Feb/2021 14:30:21] "GET /RequstAnswer/sub/1/ HTTP/1.1" 200 8651
[22/Feb/2021 14:30:35] "GET /RequstAnswer/index/ HTTP/1.1" 200 8600
[22/Feb/2021 14:30:38] "GET /RequstAnswer/new/ HTTP/1.1" 200 11422
[22/Feb/2021 14:30:40] "GET /RequstAnswer/index/ HTTP/1.1" 200 8600
[22/Feb/2021 14:30:41] "GET /RequstAnswer/sub/ HTTP/1.1" 200 8888
[22/Feb/2021 14:32:05] "GET /RequstAnswer/index/ HTTP/1.1" 200 8600
[22/Feb/2021 14:32:09] "GET /RequstAnswer/sub/ HTTP/1.1" 200 8888
[22/Feb/2021 14:32:18] "GET /RequstAnswer/sub/1/ HTTP/1.1" 200 8651
[22/Feb/2021 14:32:25] "GET /RequstAnswer/sub/ HTTP/1.1" 200 8888
[22/Feb/2021 14:33:56] "GET /RequstAnswer/sub/2/ HTTP/1.1" 200 8780
[22/Feb/2021 14:36:51] "GET /logout/ HTTP/1.1" 302 0
[22/Feb/2021 14:36:51] "GET /index/ HTTP/1.1" 200 5581
[22/Feb/2021 15:07:25] "GET /register/ HTTP/1.1" 200 7438
[22/Feb/2021 15:07:26] "GET /captchaimage/e746da7c9ebcd3e4c5960001155f87e8562e3bd4/ HTTP/1.1" 200 4709
